[ulti-branch-pipeline_master-ESOPHZRIW2KGYMBREPG52VYFRCTHI26WMY66GZPGBZZU7XFDICDQ] Running shell script
+ ./gradlew -b integ/build.gradle -DbaseUrl=https://ajeet1-platform.herokuapp.com/ test --info
Initialized native services in: /root/.gradle/native
The client will now receive all logging from the daemon (pid: 2506). The daemon log file: /root/.gradle/daemon/4.4/daemon-2506.out.log
Starting 4th build in daemon [uptime: 15.292 secs, performance: 93%]
Using 12 worker leases.
Creating new cache for fileHashes, path /var/jenkins_home/workspace/ulti-branch-pipeline_master-ESOPHZRIW2KGYMBREPG52VYFRCTHI26WMY66GZPGBZZU7XFDICDQ/integ/.gradle/4.4/fileHashes/fileHashes.bin, access org.gradle.cache.internal.DefaultCacheAccess@4ff5f182
Starting Build
Settings evaluated using settings file '/var/jenkins_home/workspace/ulti-branch-pipeline_master-ESOPHZRIW2KGYMBREPG52VYFRCTHI26WMY66GZPGBZZU7XFDICDQ/integ/settings.gradle'.
Projects loaded. Root project using build file '/var/jenkins_home/workspace/ulti-branch-pipeline_master-ESOPHZRIW2KGYMBREPG52VYFRCTHI26WMY66GZPGBZZU7XFDICDQ/integ/build.gradle'.
Included projects: [root project 'integ']
Evaluating root project 'integ' using build file '/var/jenkins_home/workspace/ulti-branch-pipeline_master-ESOPHZRIW2KGYMBREPG52VYFRCTHI26WMY66GZPGBZZU7XFDICDQ/integ/build.gradle'.
Creating new cache for metadata-1.1/results, path /root/.gradle/caches/transforms-1/metadata-1.1/results.bin, access org.gradle.cache.internal.DefaultCacheAccess@7df2f0ad
Closing daemon's stdin at end of input.
The daemon will no longer process any standard input.
All projects evaluated.
Selected primary task 'test' from project :
Creating new cache for annotation-processors, path /var/jenkins_home/workspace/ulti-branch-pipeline_master-ESOPHZRIW2KGYMBREPG52VYFRCTHI26WMY66GZPGBZZU7XFDICDQ/integ/.gradle/4.4/fileContent/annotation-processors.bin, access org.gradle.cache.internal.DefaultCacheAccess@1712ddd3
Tasks to be executed: [task ':compileJava', task ':compileGroovy', task ':processResources', task ':classes', task ':compileTestJava', task ':compileTestGroovy', task ':processTestResources', task ':testClasses', task ':test']
Creating new cache for resourceHashesCache, path /var/jenkins_home/workspace/ulti-branch-pipeline_master-ESOPHZRIW2KGYMBREPG52VYFRCTHI26WMY66GZPGBZZU7XFDICDQ/integ/.gradle/4.4/fileHashes/resourceHashesCache.bin, access org.gradle.cache.internal.DefaultCacheAccess@4ff5f182
Creating new cache for taskHistory, path /var/jenkins_home/workspace/ulti-branch-pipeline_master-ESOPHZRIW2KGYMBREPG52VYFRCTHI26WMY66GZPGBZZU7XFDICDQ/integ/.gradle/4.4/taskHistory/taskHistory.bin, access org.gradle.cache.internal.DefaultCacheAccess@42b5fcf0
Creating new cache for outputFiles, path /var/jenkins_home/workspace/ulti-branch-pipeline_master-ESOPHZRIW2KGYMBREPG52VYFRCTHI26WMY66GZPGBZZU7XFDICDQ/integ/.gradle/buildOutputCleanup/outputFiles.bin, access org.gradle.cache.internal.DefaultCacheAccess@223b9938
:compileJava (Thread[Task worker for ':' Thread 2,5,main]) started.
:compileJava
Putting task artifact state for task ':compileJava' into context took 0.0 secs.
file or directory '/var/jenkins_home/workspace/ulti-branch-pipeline_master-ESOPHZRIW2KGYMBREPG52VYFRCTHI26WMY66GZPGBZZU7XFDICDQ/integ/src/main/java', not found
Skipping task ':compileJava' as it has no source files and no previous output files.
:compileJava NO-SOURCE
:compileJava (Thread[Task worker for ':' Thread 2,5,main]) completed. Took 0.003 secs.
:compileGroovy (Thread[Task worker for ':' Thread 2,5,main]) started.
:compileGroovy
Putting task artifact state for task ':compileGroovy' into context took 0.0 secs.
file or directory '/var/jenkins_home/workspace/ulti-branch-pipeline_master-ESOPHZRIW2KGYMBREPG52VYFRCTHI26WMY66GZPGBZZU7XFDICDQ/integ/src/main/groovy', not found
Skipping task ':compileGroovy' as it has no source files and no previous output files.
:compileGroovy NO-SOURCE
:compileGroovy (Thread[Task worker for ':' Thread 2,5,main]) completed. Took 0.0 secs.
:processResources (Thread[Task worker for ':' Thread 3,5,main]) started.
:processResources
Putting task artifact state for task ':processResources' into context took 0.0 secs.
file or directory '/var/jenkins_home/workspace/ulti-branch-pipeline_master-ESOPHZRIW2KGYMBREPG52VYFRCTHI26WMY66GZPGBZZU7XFDICDQ/integ/src/main/resources', not found
Skipping task ':processResources' as it has no source files and no previous output files.
:processResources NO-SOURCE
:processResources (Thread[Task worker for ':' Thread 3,5,main]) completed. Took 0.004 secs.
:classes (Thread[Task worker for ':' Thread 3,5,main]) started.
:classes
Skipping task ':classes' as it has no actions.
:classes UP-TO-DATE
:classes (Thread[Task worker for ':' Thread 3,5,main]) completed. Took 0.0 secs.
:compileTestJava (Thread[Task worker for ':' Thread 3,5,main]) started.
:compileTestJava
Putting task artifact state for task ':compileTestJava' into context took 0.0 secs.
file or directory '/var/jenkins_home/workspace/ulti-branch-pipeline_master-ESOPHZRIW2KGYMBREPG52VYFRCTHI26WMY66GZPGBZZU7XFDICDQ/integ/src/test/java', not found
Skipping task ':compileTestJava' as it has no source files and no previous output files.
:compileTestJava NO-SOURCE
:compileTestJava (Thread[Task worker for ':' Thread 3,5,main]) completed. Took 0.001 secs.
:compileTestGroovy (Thread[Task worker for ':' Thread 3,5,main]) started.
:compileTestGroovy
Putting task artifact state for task ':compileTestGroovy' into context took 0.0 secs.
Creating new cache for metadata-2.36/module-metadata, path /root/.gradle/caches/modules-2/metadata-2.36/module-metadata.bin, access org.gradle.cache.internal.DefaultCacheAccess@11d0e55e
Creating new cache for metadata-2.36/module-artifacts, path /root/.gradle/caches/modules-2/metadata-2.36/module-artifacts.bin, access org.gradle.cache.internal.DefaultCacheAccess@11d0e55e
Creating new cache for metadata-2.36/module-artifact, path /root/.gradle/caches/modules-2/metadata-2.36/module-artifact.bin, access org.gradle.cache.internal.DefaultCacheAccess@11d0e55e
Skipping task ':compileTestGroovy' as it is up-to-date (took 0.045 secs).
:compileTestGroovy UP-TO-DATE
:compileTestGroovy (Thread[Task worker for ':' Thread 3,5,main]) completed. Took 0.047 secs.
:processTestResources (Thread[Task worker for ':' Thread 3,5,main]) started.
:processTestResources
Putting task artifact state for task ':processTestResources' into context took 0.0 secs.
file or directory '/var/jenkins_home/workspace/ulti-branch-pipeline_master-ESOPHZRIW2KGYMBREPG52VYFRCTHI26WMY66GZPGBZZU7XFDICDQ/integ/src/test/resources', not found
Skipping task ':processTestResources' as it has no source files and no previous output files.
:processTestResources NO-SOURCE
:processTestResources (Thread[Task worker for ':' Thread 3,5,main]) completed. Took 0.0 secs.
:testClasses (Thread[Task worker for ':' Thread 3,5,main]) started.
:testClasses
Skipping task ':testClasses' as it has no actions.
:testClasses UP-TO-DATE
:testClasses (Thread[Task worker for ':' Thread 3,5,main]) completed. Took 0.0 secs.
:test (Thread[Task worker for ':' Thread 3,5,main]) started.
:test
Putting task artifact state for task ':test' into context took 0.0 secs.
Up-to-date check for task ':test' took 0.02 secs. It is not up-to-date because:
  Task has failed previously.
Starting process 'Gradle Test Executor 1'. Working directory: /var/jenkins_home/workspace/ulti-branch-pipeline_master-ESOPHZRIW2KGYMBREPG52VYFRCTHI26WMY66GZPGBZZU7XFDICDQ/integ Command: /usr/lib/jvm/java-8-openjdk-amd64/bin/java -Djava.security.manager=worker.org.gradle.process.internal.worker.child.BootstrapSecurityManager -Dorg.gradle.native=false -Dfile.encoding=UTF-8 -Duser.country -Duser.language=en -Duser.variant -ea -cp /root/.gradle/caches/4.4/workerMain/gradle-worker.jar worker.org.gradle.process.internal.worker.GradleWorkerMain 'Gradle Test Executor 1'
Successfully started process 'Gradle Test Executor 1'
Gradle Test Executor 1 started executing tests.
Gradle Test Executor 1 finished executing tests.

webTemplate.resource.AboutTest > testGetAbout FAILED
    groovy.lang.GroovyRuntimeException: Ambiguous method overloading for method org.glassfish.jersey.client.JerseyClient#target.
    Cannot resolve which method to invoke for [null] due to overlapping prototypes between:
    	[class java.lang.String]
    	[class java.net.URI]
    	[class javax.ws.rs.core.Link]
    	[class javax.ws.rs.core.UriBuilder]
        at webTemplate.resource.AboutTest.testGetAbout(AboutTest.groovy:19)

1 test completed, 1 failed
Finished generating test XML results (0.013 secs) into: /var/jenkins_home/workspace/ulti-branch-pipeline_master-ESOPHZRIW2KGYMBREPG52VYFRCTHI26WMY66GZPGBZZU7XFDICDQ/integ/build/test-results/test
Generating HTML test report...
Finished generating test html results (0.028 secs) into: /var/jenkins_home/workspace/ulti-branch-pipeline_master-ESOPHZRIW2KGYMBREPG52VYFRCTHI26WMY66GZPGBZZU7XFDICDQ/integ/build/reports/tests/test
:test FAILED
:test (Thread[Task worker for ':' Thread 3,5,main]) completed. Took 1.68 secs.

FAILURE: Build failed with an exception.

* What went wrong:
Execution failed for task ':test'.
> There were failing tests. See the report at: file:///var/jenkins_home/workspace/ulti-branch-pipeline_master-ESOPHZRIW2KGYMBREPG52VYFRCTHI26WMY66GZPGBZZU7XFDICDQ/integ/build/reports/tests/test/index.html

* Try:
Run with --stacktrace option to get the stack trace. Run with --debug option to get more log output. Run with --scan to get full insights.

* Get more help at https://help.gradle.org

BUILD FAILED in 2s
2 actionable tasks: 1 executed, 1 up-to-date
