[ulti-branch-pipeline_master-ESOPHZRIW2KGYMBREPG52VYFRCTHI26WMY66GZPGBZZU7XFDICDQ] Running shell script
+ ./gradlew distDocker
:webTemplate:compileJava UP-TO-DATE
:webTemplate:compileGroovy NO-SOURCE
:webTemplate:processResources NO-SOURCE
:webTemplate:classes UP-TO-DATE
:webTemplate:jar UP-TO-DATE
:webTemplate:startScripts UP-TO-DATE
:webTemplate:installDist UP-TO-DATE
:webTemplate:distDockersh: 1: docker: not found
 FAILED

FAILURE: Build failed with an exception.

* What went wrong:
Execution failed for task ':webTemplate:distDocker'.
> Process 'command 'sh'' finished with non-zero exit value 127

* Try:
Run with --stacktrace option to get the stack trace. Run with --info or --debug option to get more log output. Run with --scan to get full insights.

* Get more help at https://help.gradle.org

BUILD FAILED in 0s
5 actionable tasks: 1 executed, 4 up-to-date
