[ulti-branch-pipeline_master-ESOPHZRIW2KGYMBREPG52VYFRCTHI26WMY66GZPGBZZU7XFDICDQ] Running shell script
+ ./gradlew build
Downloading https://services.gradle.org/distributions/gradle-4.4-all.zip
..............................................................................................
Unzipping /root/.gradle/wrapper/dists/gradle-4.4-all/9br9xq1tocpiv8o6njlyu5op1/gradle-4.4-all.zip to /root/.gradle/wrapper/dists/gradle-4.4-all/9br9xq1tocpiv8o6njlyu5op1
Set executable permissions for: /root/.gradle/wrapper/dists/gradle-4.4-all/9br9xq1tocpiv8o6njlyu5op1/gradle-4.4/bin/gradle
Starting a Gradle Daemon (subsequent builds will be faster)
The project name 'integTests/webTemplate' contains at least one of the following characters: [ , /, \, :, <, >, ", ?, *, |]. This has been deprecated and is scheduled to be removed in Gradle 5.0. Set the 'rootProject.name' or adjust the 'include' statement (see https://docs.gradle.org/4.4/dsl/org.gradle.api.initialization.Settings.html#org.gradle.api.initialization.Settings:include(java.lang.String[]) for more details).
:common:compileJava UP-TO-DATE
:common:compileGroovy NO-SOURCE
:common:processResources NO-SOURCE
:common:classes UP-TO-DATE
:common:jar UP-TO-DATE
:common:assemble UP-TO-DATE
:common:compileTestJava NO-SOURCE
:common:compileTestGroovy
Download https://jcenter.bintray.com/org/spockframework/spock-core/1.1-groovy-2.4-rc-2/spock-core-1.1-groovy-2.4-rc-2.pom
Download https://jcenter.bintray.com/org/codehaus/groovy/groovy-all/2.4.6/groovy-all-2.4.6.pom
Download https://jcenter.bintray.com/junit/junit/4.12/junit-4.12.pom
Download https://jcenter.bintray.com/org/hamcrest/hamcrest-core/1.3/hamcrest-core-1.3.pom
Download https://jcenter.bintray.com/org/hamcrest/hamcrest-parent/1.3/hamcrest-parent-1.3.pom
Download https://jcenter.bintray.com/org/hamcrest/hamcrest-core/1.3/hamcrest-core-1.3.jar
Download https://jcenter.bintray.com/junit/junit/4.12/junit-4.12.jar
Download https://jcenter.bintray.com/org/codehaus/groovy/groovy-all/2.4.6/groovy-all-2.4.6.jar
Download https://jcenter.bintray.com/org/spockframework/spock-core/1.1-groovy-2.4-rc-2/spock-core-1.1-groovy-2.4-rc-2.jar
:common:compileTestGroovy UP-TO-DATE
:common:processTestResources NO-SOURCE
:common:testClasses UP-TO-DATE
:common:test UP-TO-DATE
:common:check UP-TO-DATE
:common:build UP-TO-DATE
:integTests/webTemplate:compileJava NO-SOURCE
:integTests/webTemplate:compileGroovy NO-SOURCE
:integTests/webTemplate:processResources NO-SOURCE
:integTests/webTemplate:classes UP-TO-DATE
:integTests/webTemplate:jar UP-TO-DATE
:integTests/webTemplate:assemble UP-TO-DATE
:integTests/webTemplate:compileTestJava NO-SOURCE
:integTests/webTemplate:compileTestGroovystartup failed:
/var/jenkins_home/workspace/ulti-branch-pipeline_master-ESOPHZRIW2KGYMBREPG52VYFRCTHI26WMY66GZPGBZZU7XFDICDQ/integTests/webTemplate/src/test/groovy/webTemplate/resource/AboutTest.groovy: 7: unable to resolve class javax.ws.rs.client.WebTarget
 @ line 7, column 1.
   import javax.ws.rs.client.WebTarget
   ^

/var/jenkins_home/workspace/ulti-branch-pipeline_master-ESOPHZRIW2KGYMBREPG52VYFRCTHI26WMY66GZPGBZZU7XFDICDQ/integTests/webTemplate/src/test/groovy/webTemplate/resource/AboutTest.groovy: 6: unable to resolve class javax.ws.rs.client.ClientBuilder
 @ line 6, column 1.
   import javax.ws.rs.client.ClientBuilder
   ^

2 errors

 FAILED

FAILURE: Build failed with an exception.

* What went wrong:
Execution failed for task ':integTests/webTemplate:compileTestGroovy'.
> Compilation failed; see the compiler error output for details.

* Try:
Run with --stacktrace option to get the stack trace. Run with --info or --debug option to get more log output. Run with --scan to get full insights.

* Get more help at https://help.gradle.org

BUILD FAILED in 1m 7s
6 actionable tasks: 1 executed, 5 up-to-date
