[ulti-branch-pipeline_master-ESOPHZRIW2KGYMBREPG52VYFRCTHI26WMY66GZPGBZZU7XFDICDQ] Running shell script
+ ./gradlew -b integ/build.gradle test
:compileJava NO-SOURCE
:compileGroovy NO-SOURCE
:processResources NO-SOURCE
:classes UP-TO-DATE
:compileTestJava NO-SOURCE
:compileTestGroovy
Download https://jcenter.bintray.com/org/apache/commons/commons-math3/3.6.1/commons-math3-3.6.1.pom
Download https://jcenter.bintray.com/org/glassfish/jersey/core/jersey-client/2.27/jersey-client-2.27.pom
Download https://jcenter.bintray.com/org/glassfish/jersey/inject/jersey-hk2/2.27/jersey-hk2-2.27.pom
Download https://jcenter.bintray.com/com/google/guava/guava/23.0/guava-23.0.pom
Download https://jcenter.bintray.com/org/apache/commons/commons-parent/39/commons-parent-39.pom
Download https://jcenter.bintray.com/com/google/guava/guava-parent/23.0/guava-parent-23.0.pom
Download https://jcenter.bintray.com/org/glassfish/jersey/inject/project/2.27/project-2.27.pom
Download https://jcenter.bintray.com/org/glassfish/jersey/project/2.27/project-2.27.pom
Download https://jcenter.bintray.com/org/apache/apache/16/apache-16.pom
Download https://jcenter.bintray.com/org/sonatype/oss/oss-parent/7/oss-parent-7.pom
Download https://jcenter.bintray.com/com/google/errorprone/error_prone_annotations/2.0.18/error_prone_annotations-2.0.18.pom
Download https://jcenter.bintray.com/org/codehaus/mojo/animal-sniffer-annotations/1.14/animal-sniffer-annotations-1.14.pom
Download https://jcenter.bintray.com/com/google/j2objc/j2objc-annotations/1.1/j2objc-annotations-1.1.pom
Download https://jcenter.bintray.com/com/google/code/findbugs/jsr305/1.3.9/jsr305-1.3.9.pom
Download https://jcenter.bintray.com/com/google/errorprone/error_prone_parent/2.0.18/error_prone_parent-2.0.18.pom
Download https://jcenter.bintray.com/org/codehaus/mojo/animal-sniffer-parent/1.14/animal-sniffer-parent-1.14.pom
Download https://jcenter.bintray.com/org/codehaus/mojo/mojo-parent/34/mojo-parent-34.pom
Download https://jcenter.bintray.com/org/codehaus/codehaus-parent/4/codehaus-parent-4.pom
Download https://jcenter.bintray.com/org/glassfish/jersey/core/jersey-common/2.27/jersey-common-2.27.pom
Download https://jcenter.bintray.com/org/glassfish/jersey/core/jersey-client/2.27/jersey-client-2.27.jar
Download https://jcenter.bintray.com/org/glassfish/jersey/inject/jersey-hk2/2.27/jersey-hk2-2.27.jar
Download https://jcenter.bintray.com/org/apache/commons/commons-math3/3.6.1/commons-math3-3.6.1.jar
Download https://jcenter.bintray.com/com/google/guava/guava/23.0/guava-23.0.jar
Download https://jcenter.bintray.com/com/google/code/findbugs/jsr305/1.3.9/jsr305-1.3.9.jar
Download https://jcenter.bintray.com/com/google/errorprone/error_prone_annotations/2.0.18/error_prone_annotations-2.0.18.jar
Download https://jcenter.bintray.com/org/codehaus/mojo/animal-sniffer-annotations/1.14/animal-sniffer-annotations-1.14.jar
Download https://jcenter.bintray.com/com/google/j2objc/j2objc-annotations/1.1/j2objc-annotations-1.1.jar
Download https://jcenter.bintray.com/org/glassfish/jersey/core/jersey-common/2.27/jersey-common-2.27.jar
:processTestResources NO-SOURCE
:testClasses
:test

webTemplate.resource.AboutTest > testGetAbout FAILED
    groovy.lang.GroovyRuntimeException at AboutTest.groovy:19

1 test completed, 1 failed
:test FAILED

FAILURE: Build failed with an exception.

* What went wrong:
Execution failed for task ':test'.
> There were failing tests. See the report at: file:///var/jenkins_home/workspace/ulti-branch-pipeline_master-ESOPHZRIW2KGYMBREPG52VYFRCTHI26WMY66GZPGBZZU7XFDICDQ/integ/build/reports/tests/test/index.html

* Try:
Run with --stacktrace option to get the stack trace. Run with --info or --debug option to get more log output. Run with --scan to get full insights.

* Get more help at https://help.gradle.org

BUILD FAILED in 8s
2 actionable tasks: 2 executed
