[ulti-branch-pipeline_master-ESOPHZRIW2KGYMBREPG52VYFRCTHI26WMY66GZPGBZZU7XFDICDQ] Running shell script
+ ./gradlew -b integ/build.gradle -DbaseUrl=https://ajeet1-platform.herokuapp.com/ test
:compileJava NO-SOURCE
:compileGroovy NO-SOURCE
:processResources NO-SOURCE
:classes UP-TO-DATE
:compileTestJava NO-SOURCE
:compileTestGroovy UP-TO-DATE
:processTestResources NO-SOURCE
:testClasses UP-TO-DATE
:test

webTemplate.resource.AboutTest > testGetAbout FAILED
    groovy.lang.GroovyRuntimeException at AboutTest.groovy:19

1 test completed, 1 failed
:test FAILED

FAILURE: Build failed with an exception.

* What went wrong:
Execution failed for task ':test'.
> There were failing tests. See the report at: file:///var/jenkins_home/workspace/ulti-branch-pipeline_master-ESOPHZRIW2KGYMBREPG52VYFRCTHI26WMY66GZPGBZZU7XFDICDQ/integ/build/reports/tests/test/index.html

* Try:
Run with --stacktrace option to get the stack trace. Run with --info or --debug option to get more log output. Run with --scan to get full insights.

* Get more help at https://help.gradle.org

BUILD FAILED in 2s
2 actionable tasks: 1 executed, 1 up-to-date
