[ulti-branch-pipeline_master-ESOPHZRIW2KGYMBREPG52VYFRCTHI26WMY66GZPGBZZU7XFDICDQ] Running shell script
+ ./gradlew -b integ/build.gradle -DbaseUrl=https://ajeet1-platform.herokuapp.com/ test --info
Initialized native services in: /root/.gradle/native
The client will now receive all logging from the daemon (pid: 3523). The daemon log file: /root/.gradle/daemon/4.4/daemon-3523.out.log
Starting 4th build in daemon [uptime: 15.076 secs, performance: 94%]
Using 12 worker leases.
Creating new cache for fileHashes, path /var/jenkins_home/workspace/ulti-branch-pipeline_master-ESOPHZRIW2KGYMBREPG52VYFRCTHI26WMY66GZPGBZZU7XFDICDQ/integ/.gradle/4.4/fileHashes/fileHashes.bin, access org.gradle.cache.internal.DefaultCacheAccess@795fc089
Starting Build
Closing daemon's stdin at end of input.
The daemon will no longer process any standard input.
Settings evaluated using settings file '/var/jenkins_home/workspace/ulti-branch-pipeline_master-ESOPHZRIW2KGYMBREPG52VYFRCTHI26WMY66GZPGBZZU7XFDICDQ/integ/settings.gradle'.
Projects loaded. Root project using build file '/var/jenkins_home/workspace/ulti-branch-pipeline_master-ESOPHZRIW2KGYMBREPG52VYFRCTHI26WMY66GZPGBZZU7XFDICDQ/integ/build.gradle'.
Included projects: [root project 'integ']
Evaluating root project 'integ' using build file '/var/jenkins_home/workspace/ulti-branch-pipeline_master-ESOPHZRIW2KGYMBREPG52VYFRCTHI26WMY66GZPGBZZU7XFDICDQ/integ/build.gradle'.
Creating new cache for metadata-1.1/results, path /root/.gradle/caches/transforms-1/metadata-1.1/results.bin, access org.gradle.cache.internal.DefaultCacheAccess@22e536e8
All projects evaluated.
Selected primary task 'test' from project :
Creating new cache for annotation-processors, path /var/jenkins_home/workspace/ulti-branch-pipeline_master-ESOPHZRIW2KGYMBREPG52VYFRCTHI26WMY66GZPGBZZU7XFDICDQ/integ/.gradle/4.4/fileContent/annotation-processors.bin, access org.gradle.cache.internal.DefaultCacheAccess@4055489
Tasks to be executed: [task ':compileJava', task ':compileGroovy', task ':processResources', task ':classes', task ':compileTestJava', task ':compileTestGroovy', task ':processTestResources', task ':testClasses', task ':test']
Creating new cache for resourceHashesCache, path /var/jenkins_home/workspace/ulti-branch-pipeline_master-ESOPHZRIW2KGYMBREPG52VYFRCTHI26WMY66GZPGBZZU7XFDICDQ/integ/.gradle/4.4/fileHashes/resourceHashesCache.bin, access org.gradle.cache.internal.DefaultCacheAccess@795fc089
Creating new cache for taskHistory, path /var/jenkins_home/workspace/ulti-branch-pipeline_master-ESOPHZRIW2KGYMBREPG52VYFRCTHI26WMY66GZPGBZZU7XFDICDQ/integ/.gradle/4.4/taskHistory/taskHistory.bin, access org.gradle.cache.internal.DefaultCacheAccess@142095de
Creating new cache for outputFiles, path /var/jenkins_home/workspace/ulti-branch-pipeline_master-ESOPHZRIW2KGYMBREPG52VYFRCTHI26WMY66GZPGBZZU7XFDICDQ/integ/.gradle/buildOutputCleanup/outputFiles.bin, access org.gradle.cache.internal.DefaultCacheAccess@6ea253ea
:compileJava (Thread[Task worker for ':',5,main]) started.
:compileJava
Putting task artifact state for task ':compileJava' into context took 0.0 secs.
file or directory '/var/jenkins_home/workspace/ulti-branch-pipeline_master-ESOPHZRIW2KGYMBREPG52VYFRCTHI26WMY66GZPGBZZU7XFDICDQ/integ/src/main/java', not found
Skipping task ':compileJava' as it has no source files and no previous output files.
:compileJava NO-SOURCE
:compileJava (Thread[Task worker for ':',5,main]) completed. Took 0.007 secs.
:compileGroovy (Thread[Task worker for ':',5,main]) started.
:compileGroovy
Putting task artifact state for task ':compileGroovy' into context took 0.0 secs.
file or directory '/var/jenkins_home/workspace/ulti-branch-pipeline_master-ESOPHZRIW2KGYMBREPG52VYFRCTHI26WMY66GZPGBZZU7XFDICDQ/integ/src/main/groovy', not found
Skipping task ':compileGroovy' as it has no source files and no previous output files.
:compileGroovy NO-SOURCE
:compileGroovy (Thread[Task worker for ':',5,main]) completed. Took 0.0 secs.
:processResources (Thread[Task worker for ':',5,main]) started.
:processResources
Putting task artifact state for task ':processResources' into context took 0.0 secs.
file or directory '/var/jenkins_home/workspace/ulti-branch-pipeline_master-ESOPHZRIW2KGYMBREPG52VYFRCTHI26WMY66GZPGBZZU7XFDICDQ/integ/src/main/resources', not found
Skipping task ':processResources' as it has no source files and no previous output files.
:processResources NO-SOURCE
:processResources (Thread[Task worker for ':',5,main]) completed. Took 0.0 secs.
:classes (Thread[Task worker for ':',5,main]) started.
:classes
Skipping task ':classes' as it has no actions.
:classes UP-TO-DATE
:classes (Thread[Task worker for ':',5,main]) completed. Took 0.001 secs.
:compileTestJava (Thread[Task worker for ':',5,main]) started.
:compileTestJava
Putting task artifact state for task ':compileTestJava' into context took 0.0 secs.
file or directory '/var/jenkins_home/workspace/ulti-branch-pipeline_master-ESOPHZRIW2KGYMBREPG52VYFRCTHI26WMY66GZPGBZZU7XFDICDQ/integ/src/test/java', not found
Skipping task ':compileTestJava' as it has no source files and no previous output files.
:compileTestJava NO-SOURCE
:compileTestJava (Thread[Task worker for ':',5,main]) completed. Took 0.004 secs.
:compileTestGroovy (Thread[Task worker for ':',5,main]) started.
:compileTestGroovy
Putting task artifact state for task ':compileTestGroovy' into context took 0.0 secs.
Creating new cache for metadata-2.36/module-metadata, path /root/.gradle/caches/modules-2/metadata-2.36/module-metadata.bin, access org.gradle.cache.internal.DefaultCacheAccess@5dd9b6e8
Creating new cache for metadata-2.36/module-artifacts, path /root/.gradle/caches/modules-2/metadata-2.36/module-artifacts.bin, access org.gradle.cache.internal.DefaultCacheAccess@5dd9b6e8
Creating new cache for metadata-2.36/module-artifact, path /root/.gradle/caches/modules-2/metadata-2.36/module-artifact.bin, access org.gradle.cache.internal.DefaultCacheAccess@5dd9b6e8
Up-to-date check for task ':compileTestGroovy' took 0.034 secs. It is not up-to-date because:
  Input property 'source' file /var/jenkins_home/workspace/ulti-branch-pipeline_master-ESOPHZRIW2KGYMBREPG52VYFRCTHI26WMY66GZPGBZZU7XFDICDQ/integ/src/test/groovy/webTemplate/resource/AboutTest.groovy has changed.
Starting process 'Gradle Worker Daemon 1'. Working directory: /root/.gradle/workers Command: /usr/lib/jvm/java-8-openjdk-amd64/bin/java -Djava.security.manager=worker.org.gradle.process.internal.worker.child.BootstrapSecurityManager -Dfile.encoding=UTF-8 -Duser.country -Duser.language=en -Duser.variant -cp /root/.gradle/caches/4.4/workerMain/gradle-worker.jar worker.org.gradle.process.internal.worker.GradleWorkerMain 'Gradle Worker Daemon 1'
Successfully started process 'Gradle Worker Daemon 1'
Started Gradle worker daemon (0.66 secs) with fork options DaemonForkOptions{executable=/usr/lib/jvm/java-8-openjdk-amd64/bin/java, minHeapSize=null, maxHeapSize=null, jvmArgs=[], classpath=[/root/.gradle/caches/modules-2/files-2.1/org.codehaus.groovy/groovy-all/2.4.6/478feadca929a946b2f1fb962bb2179264759821/groovy-all-2.4.6.jar, /root/.gradle/wrapper/dists/gradle-4.4-all/9br9xq1tocpiv8o6njlyu5op1/gradle-4.4/lib/ant-1.9.9.jar, /root/.gradle/wrapper/dists/gradle-4.4-all/9br9xq1tocpiv8o6njlyu5op1/gradle-4.4/lib/ant-launcher-1.9.9.jar], keepAliveMode=SESSION}.
This JVM does not support getting OS memory, so no OS memory status updates will be broadcast
Initialized native services in: /root/.gradle/native
:compileTestGroovy (Thread[Task worker for ':',5,main]) completed. Took 1.707 secs.
:processTestResources (Thread[Task worker for ':',5,main]) started.
:processTestResources
Putting task artifact state for task ':processTestResources' into context took 0.0 secs.
file or directory '/var/jenkins_home/workspace/ulti-branch-pipeline_master-ESOPHZRIW2KGYMBREPG52VYFRCTHI26WMY66GZPGBZZU7XFDICDQ/integ/src/test/resources', not found
Skipping task ':processTestResources' as it has no source files and no previous output files.
:processTestResources NO-SOURCE
:processTestResources (Thread[Task worker for ':',5,main]) completed. Took 0.004 secs.
:testClasses (Thread[Task worker for ':',5,main]) started.
:testClasses
Skipping task ':testClasses' as it has no actions.
:testClasses (Thread[Task worker for ':',5,main]) completed. Took 0.0 secs.
:test (Thread[Task worker for ':',5,main]) started.
:test
Putting task artifact state for task ':test' into context took 0.0 secs.
Up-to-date check for task ':test' took 0.016 secs. It is not up-to-date because:
  Task has failed previously.
Starting process 'Gradle Test Executor 2'. Working directory: /var/jenkins_home/workspace/ulti-branch-pipeline_master-ESOPHZRIW2KGYMBREPG52VYFRCTHI26WMY66GZPGBZZU7XFDICDQ/integ Command: /usr/lib/jvm/java-8-openjdk-amd64/bin/java -Dawt.toolkit=sun.awt.X11.XToolkit -DbaseUrl=https://ajeet1-platform.herokuapp.com/ -Dfile.encoding.pkg=sun.io -Dfile.separator=/ -Dhttp.proxyHost=www-proxy.us.oracle.com -Dhttp.proxyPort=80 -Dhttps.proxyHost=www-proxy.us.oracle.com -Dhttps.proxyPort=80 -Djava.awt.graphicsenv=sun.awt.X11GraphicsEnvironment -Djava.awt.printerjob=sun.print.PSPrinterJob -Djava.class.path=/root/.gradle/wrapper/dists/gradle-4.4-all/9br9xq1tocpiv8o6njlyu5op1/gradle-4.4/lib/gradle-launcher-4.4.jar -Djava.class.version=52.0 -Djava.endorsed.dirs=/usr/lib/jvm/java-8-openjdk-amd64/jre/lib/endorsed -Djava.ext.dirs=/usr/lib/jvm/java-8-openjdk-amd64/jre/lib/ext:/usr/java/packages/lib/ext -Djava.home=/usr/lib/jvm/java-8-openjdk-amd64/jre -Djava.library.path=/usr/java/packages/lib/amd64:/usr/lib/x86_64-linux-gnu/jni:/lib/x86_64-linux-gnu:/usr/lib/x86_64-linux-gnu:/usr/lib/jni:/lib:/usr/lib -Djava.runtime.name=OpenJDK Runtime Environment -Djava.runtime.version=1.8.0_162-8u162-b12-1~deb9u1-b12 -Djava.security.manager=worker.org.gradle.process.internal.worker.child.BootstrapSecurityManager -Djava.specification.name=Java Platform API Specification -Djava.specification.vendor=Oracle Corporation -Djava.specification.version=1.8 -Djava.vendor=Oracle Corporation -Djava.vendor.url=http://java.oracle.com/ -Djava.vendor.url.bug=http://bugreport.sun.com/bugreport/ -Djava.version=1.8.0_162 -Djava.vm.info=mixed mode -Djava.vm.name=OpenJDK 64-Bit Server VM -Djava.vm.specification.name=Java Virtual Machine Specification -Djava.vm.specification.vendor=Oracle Corporation -Djava.vm.specification.version=1.8 -Djava.vm.vendor=Oracle Corporation -Djava.vm.version=25.162-b12 -Dlibrary.jansi.path=/root/.gradle/native/jansi/1.14/linux64 -Dline.separator=
 -Dorg.gradle.appname=gradlew -Dorg.gradle.native=false -Dos.arch=amd64 -Dos.name=Linux -Dos.version=4.1.12-112.14.13.el7uek.x86_64 -Dpath.separator=: -Dsun.arch.data.model=64 -Dsun.boot.class.path=/usr/lib/jvm/java-8-openjdk-amd64/jre/lib/resources.jar:/usr/lib/jvm/java-8-openjdk-amd64/jre/lib/rt.jar:/usr/lib/jvm/java-8-openjdk-amd64/jre/lib/sunrsasign.jar:/usr/lib/jvm/java-8-openjdk-amd64/jre/lib/jsse.jar:/usr/lib/jvm/java-8-openjdk-amd64/jre/lib/jce.jar:/usr/lib/jvm/java-8-openjdk-amd64/jre/lib/charsets.jar:/usr/lib/jvm/java-8-openjdk-amd64/jre/lib/jfr.jar:/usr/lib/jvm/java-8-openjdk-amd64/jre/classes -Dsun.boot.library.path=/usr/lib/jvm/java-8-openjdk-amd64/jre/lib/amd64 -Dsun.cpu.endian=little -Dsun.cpu.isalist -Dsun.io.unicode.encoding=UnicodeLittle -Dsun.java.command=org.gradle.launcher.daemon.bootstrap.GradleDaemon 4.4 -Dsun.java.launcher=SUN_STANDARD -Dsun.jnu.encoding=UTF-8 -Dsun.management.compiler=HotSpot 64-Bit Tiered Compilers -Dsun.os.patch.level=unknown -Duser.dir=/var/jenkins_home/workspace/ulti-branch-pipeline_master-ESOPHZRIW2KGYMBREPG52VYFRCTHI26WMY66GZPGBZZU7XFDICDQ -Duser.home=/root -Duser.name=root -Duser.timezone -Dfile.encoding=UTF-8 -Djava.io.tmpdir=/tmp -Duser.country -Duser.language=en -Duser.variant -ea -cp /root/.gradle/caches/4.4/workerMain/gradle-worker.jar worker.org.gradle.process.internal.worker.GradleWorkerMain 'Gradle Test Executor 2'
Successfully started process 'Gradle Test Executor 2'
Gradle Test Executor 2 started executing tests.
Gradle Test Executor 2 finished executing tests.

webTemplate.resource.AboutTest > testGetAbout FAILED
    groovy.lang.MissingPropertyException: No such property: basurl for class: webTemplate.resource.AboutTest
    Possible solutions: baseUrl
        at webTemplate.resource.AboutTest.testGetAbout(AboutTest.groovy:19)

1 test completed, 1 failed
Finished generating test XML results (0.011 secs) into: /var/jenkins_home/workspace/ulti-branch-pipeline_master-ESOPHZRIW2KGYMBREPG52VYFRCTHI26WMY66GZPGBZZU7XFDICDQ/integ/build/test-results/test
Generating HTML test report...
Finished generating test html results (0.019 secs) into: /var/jenkins_home/workspace/ulti-branch-pipeline_master-ESOPHZRIW2KGYMBREPG52VYFRCTHI26WMY66GZPGBZZU7XFDICDQ/integ/build/reports/tests/test
:test FAILED
:test (Thread[Task worker for ':',5,main]) completed. Took 1.572 secs.

FAILURE: Build failed with an exception.

* What went wrong:
Execution failed for task ':test'.
> There were failing tests. See the report at: file:///var/jenkins_home/workspace/ulti-branch-pipeline_master-ESOPHZRIW2KGYMBREPG52VYFRCTHI26WMY66GZPGBZZU7XFDICDQ/integ/build/reports/tests/test/index.html

* Try:
Run with --stacktrace option to get the stack trace. Run with --debug option to get more log output. Run with --scan to get full insights.

* Get more help at https://help.gradle.org

BUILD FAILED in 4s
2 actionable tasks: 2 executed
Stopped 1 worker daemon(s).
