[ulti-branch-pipeline_master-ESOPHZRIW2KGYMBREPG52VYFRCTHI26WMY66GZPGBZZU7XFDICDQ] Running shell script
+ ./gradlew -b integ/build.gradle -DbaseUrl= clean test
:clean
:compileJava NO-SOURCE
:compileGroovy NO-SOURCE
:processResources NO-SOURCE
:classes UP-TO-DATE
:compileTestJava NO-SOURCE
:compileTestGroovy
:processTestResources NO-SOURCE
:testClasses
:test

webTemplate.resource.AboutTest > testGetAbout FAILED
    javax.ws.rs.ProcessingException at AboutTest.groovy:25
        Caused by: java.lang.IllegalArgumentException at AboutTest.groovy:25

1 test completed, 1 failed
:test FAILED

FAILURE: Build failed with an exception.

* What went wrong:
Execution failed for task ':test'.
> There were failing tests. See the report at: file:///var/jenkins_home/workspace/ulti-branch-pipeline_master-ESOPHZRIW2KGYMBREPG52VYFRCTHI26WMY66GZPGBZZU7XFDICDQ/integ/build/reports/tests/test/index.html

* Try:
Run with --stacktrace option to get the stack trace. Run with --info or --debug option to get more log output. Run with --scan to get full insights.

* Get more help at https://help.gradle.org

BUILD FAILED in 4s
3 actionable tasks: 3 executed
